<?xml version="1.0" encoding="UTF-8"?>
<!-- Generated by org.testng.reporters.JUnitReportReporter -->
<testsuite skipped="0" hostname="DESKTOP-48JFUFV" name="epam.com.lab.test.GmailTest" tests="2" failures="0" timestamp="07 черв. 2018 08:53:38 GMT" time="52.088" errors="0">
  <testcase name="GmailDeleteLettersTest" time="26.519" classname="epam.com.lab.test.GmailTest"/>
  <testcase name="GmailDeleteLettersTest" time="25.569" classname="epam.com.lab.test.GmailTest"/>
</testsuite> <!-- epam.com.lab.test.GmailTest -->
